Watching for file changes with StatReloader
Unauthorized: /api/auth/me/
[04/Feb/2026 13:39:37] "GET /api/auth/me/ HTTP/1.1" 401 58
[04/Feb/2026 13:39:37,406] - Broken pipe from ('127.0.0.1', 56219)
C:\Users\akshi\OneDrive\Desktop\web\backend\.venv\Lib\site-packages\jwt\api_jwt.py:153: InsecureKeyLengthWarning: The HMAC key is 22 bytes long, which is below the minimum recommended length of 32 bytes for SHA256. See RFC 7518 Section 3.2.
  return self._jws.encode(
[04/Feb/2026 13:40:48] "POST /api/auth/login/ HTTP/1.1" 200 91
C:\Users\akshi\OneDrive\Desktop\web\backend\.venv\Lib\site-packages\jwt\api_jwt.py:371: InsecureKeyLengthWarning: The HMAC key is 22 bytes long, which is below the minimum recommended length of 32 bytes for SHA256. See RFC 7518 Section 3.2.
  decoded = self.decode_complete(
[04/Feb/2026 13:40:49] "GET /api/auth/me/ HTTP/1.1" 200 82
[04/Feb/2026 13:40:49] "GET /api/auth/me/ HTTP/1.1" 200 82
[04/Feb/2026 13:40:52] "GET /api/auth/me/ HTTP/1.1" 200 82
[04/Feb/2026 13:40:52] "GET /api/auth/me/ HTTP/1.1" 200 82
[04/Feb/2026 13:41:21] "OPTIONS /api/auth/register/ HTTP/1.1" 200 0
[04/Feb/2026 13:41:22] "POST /api/auth/register/ HTTP/1.1" 201 86
[04/Feb/2026 13:41:22] "OPTIONS /api/auth/login/ HTTP/1.1" 200 0
[04/Feb/2026 13:41:22] "POST /api/auth/login/ HTTP/1.1" 200 95
[04/Feb/2026 13:41:23] "OPTIONS /api/auth/me/ HTTP/1.1" 200 0
[04/Feb/2026 13:41:23] "OPTIONS /api/auth/me/ HTTP/1.1" 200 0
[04/Feb/2026 13:41:23] "GET /api/auth/me/ HTTP/1.1" 200 86
[04/Feb/2026 13:41:23] "GET /api/auth/me/ HTTP/1.1" 200 86
[04/Feb/2026 13:41:24] "GET /api/auth/me/ HTTP/1.1" 200 86
[04/Feb/2026 13:41:24] "GET /api/auth/me/ HTTP/1.1" 200 86
[04/Feb/2026 13:41:26] "OPTIONS /api/rooms/create/ HTTP/1.1" 200 0
[04/Feb/2026 13:41:26] "POST /api/rooms/create/ HTTP/1.1" 201 17
[04/Feb/2026 13:41:27] "GET /api/auth/me/ HTTP/1.1" 200 86
[04/Feb/2026 13:41:27] "OPTIONS /api/rooms/join/ HTTP/1.1" 200 0
[04/Feb/2026 13:41:27] "GET /api/auth/me/ HTTP/1.1" 200 86
[04/Feb/2026 13:41:27] "POST /api/rooms/join/ HTTP/1.1" 200 17
[04/Feb/2026 13:41:27] "POST /api/rooms/join/ HTTP/1.1" 200 17
Not Found: /ws/rooms/6WN6Z3/
[04/Feb/2026 13:41:28] "GET /ws/rooms/6WN6Z3/ HTTP/1.1" 404 2529
[04/Feb/2026 13:41:46] "OPTIONS /api/rooms/join/ HTTP/1.1" 200 0
[04/Feb/2026 13:41:47] "POST /api/rooms/join/ HTTP/1.1" 200 17
[04/Feb/2026 13:41:47] "GET /api/auth/me/ HTTP/1.1" 200 82
[04/Feb/2026 13:41:47] "GET /api/auth/me/ HTTP/1.1" 200 82
[04/Feb/2026 13:41:47] "POST /api/rooms/join/ HTTP/1.1" 200 17
[04/Feb/2026 13:41:47] "POST /api/rooms/join/ HTTP/1.1" 200 17
Not Found: /ws/rooms/6WN6Z3/
[04/Feb/2026 13:41:47] "GET /ws/rooms/6WN6Z3/ HTTP/1.1" 404 2529
[04/Feb/2026 13:41:51] "GET /api/auth/me/ HTTP/1.1" 200 82
[04/Feb/2026 13:41:51] "GET /api/auth/me/ HTTP/1.1" 200 82
[04/Feb/2026 13:41:51] "POST /api/rooms/join/ HTTP/1.1" 200 17
[04/Feb/2026 13:41:51] "POST /api/rooms/join/ HTTP/1.1" 200 17
Not Found: /ws/rooms/6WN6Z3/
[04/Feb/2026 13:41:51] "GET /ws/rooms/6WN6Z3/ HTTP/1.1" 404 2529
[04/Feb/2026 13:41:53] "GET /api/auth/me/ HTTP/1.1" 200 86
[04/Feb/2026 13:41:53] "GET /api/auth/me/ HTTP/1.1" 200 86
[04/Feb/2026 13:41:54] "POST /api/rooms/join/ HTTP/1.1" 200 17
[04/Feb/2026 13:41:54] "POST /api/rooms/join/ HTTP/1.1" 200 17
Not Found: /ws/rooms/6WN6Z3/
[04/Feb/2026 13:41:54] "GET /ws/rooms/6WN6Z3/ HTTP/1.1" 404 2529
C:\Users\akshi\OneDrive\Desktop\web\backend\backend\settings.py changed, reloading.
Watching for file changes with StatReloader
Not Found: /ws/rooms/6WN6Z3/
[04/Feb/2026 13:46:51] "GET /ws/rooms/6WN6Z3/ HTTP/1.1" 404 2529
C:\Users\akshi\OneDrive\Desktop\web\backend\.venv\Lib\site-packages\jwt\api_jwt.py:371: InsecureKeyLengthWarning: The HMAC key is 22 bytes long, which is below the minimum recommended length of 32 bytes for SHA256. See RFC 7518 Section 3.2.
  decoded = self.decode_complete(
[04/Feb/2026 13:46:53] "GET /api/auth/me/ HTTP/1.1" 200 86
[04/Feb/2026 13:46:53] "GET /api/auth/me/ HTTP/1.1" 200 86
[04/Feb/2026 13:46:53] "POST /api/rooms/join/ HTTP/1.1" 200 17
[04/Feb/2026 13:46:53] "POST /api/rooms/join/ HTTP/1.1" 200 17
Not Found: /ws/rooms/6WN6Z3/
[04/Feb/2026 13:46:54] "GET /api/auth/me/ HTTP/1.1" 200 82
[04/Feb/2026 13:46:54] "GET /ws/rooms/6WN6Z3/ HTTP/1.1" 404 2529
[04/Feb/2026 13:46:54] "GET /api/auth/me/ HTTP/1.1" 200 82
[04/Feb/2026 13:46:54] "POST /api/rooms/join/ HTTP/1.1" 200 17
[04/Feb/2026 13:46:54] "POST /api/rooms/join/ HTTP/1.1" 200 17
C:\Users\akshi\OneDrive\Desktop\web\backend\backend\settings.py changed, reloading.
Watching for file changes with StatReloader
Exception in thread django-main-thread:
Traceback (most recent call last):
  File "C:\Program Files\WindowsApps\PythonSoftwareFoundation.Python.3.12_3.12.2800.0_x64__qbz5n2kfra8p0\Lib\threading.py", line 1075, in _bootstrap_inner
    self.run()
  File "C:\Program Files\WindowsApps\PythonSoftwareFoundation.Python.3.12_3.12.2800.0_x64__qbz5n2kfra8p0\Lib\threading.py", line 1012, in run
    self._target(*self._args, **self._kwargs)
  File "C:\Users\akshi\OneDrive\Desktop\web\backend\.venv\Lib\site-packages\django\utils\autoreload.py", line 64, in wrapper
    fn(*args, **kwargs)
  File "C:\Users\akshi\OneDrive\Desktop\web\backend\.venv\Lib\site-packages\django\core\management\commands\runserver.py", line 124, in inner_run
    autoreload.raise_last_exception()
  File "C:\Users\akshi\OneDrive\Desktop\web\backend\.venv\Lib\site-packages\django\utils\autoreload.py", line 86, in raise_last_exception
    raise _exception[1]
  File "C:\Users\akshi\OneDrive\Desktop\web\backend\.venv\Lib\site-packages\django\core\management\__init__.py", line 394, in execute
    autoreload.check_errors(django.setup)()
  File "C:\Users\akshi\OneDrive\Desktop\web\backend\.venv\Lib\site-packages\django\utils\autoreload.py", line 64, in wrapper
    fn(*args, **kwargs)
  File "C:\Users\akshi\OneDrive\Desktop\web\backend\.venv\Lib\site-packages\django\__init__.py", line 24, in setup
    apps.populate(settings.INSTALLED_APPS)
  File "C:\Users\akshi\OneDrive\Desktop\web\backend\.venv\Lib\site-packages\django\apps\registry.py", line 91, in populate
    app_config = AppConfig.create(entry)
                 ^^^^^^^^^^^^^^^^^^^^^^^
  File "C:\Users\akshi\OneDrive\Desktop\web\backend\.venv\Lib\site-packages\django\apps\config.py", line 193, in create
    import_module(entry)
  File "C:\Program Files\WindowsApps\PythonSoftwareFoundation.Python.3.12_3.12.2800.0_x64__qbz5n2kfra8p0\Lib\importlib\__init__.py", line 90, in import_module
    return _bootstrap._gcd_import(name[level:], package, level)
           ^^^^^^^^^^^^^^^^^^^^^^^^^^^^^^^^^^^^^^^^^^^^^^^^^^^^
  File "<frozen importlib._bootstrap>", line 1384, in _gcd_import
  File "<frozen importlib._bootstrap>", line 1298, in _sanity_check
ValueError: Empty module name
C:\Users\akshi\OneDrive\Desktop\web\backend\backend\settings.py changed, reloading.
Watching for file changes with StatReloader
Exception in thread django-main-thread:
Traceback (most recent call last):
  File "C:\Program Files\WindowsApps\PythonSoftwareFoundation.Python.3.12_3.12.2800.0_x64__qbz5n2kfra8p0\Lib\threading.py", line 1075, in _bootstrap_inner
    self.run()
  File "C:\Program Files\WindowsApps\PythonSoftwareFoundation.Python.3.12_3.12.2800.0_x64__qbz5n2kfra8p0\Lib\threading.py", line 1012, in run
    self._target(*self._args, **self._kwargs)
  File "C:\Users\akshi\OneDrive\Desktop\web\backend\.venv\Lib\site-packages\django\utils\autoreload.py", line 64, in wrapper
    fn(*args, **kwargs)
  File "C:\Users\akshi\OneDrive\Desktop\web\backend\.venv\Lib\site-packages\django\core\management\commands\runserver.py", line 124, in inner_run
    autoreload.raise_last_exception()
  File "C:\Users\akshi\OneDrive\Desktop\web\backend\.venv\Lib\site-packages\django\utils\autoreload.py", line 86, in raise_last_exception
    raise _exception[1]
  File "C:\Users\akshi\OneDrive\Desktop\web\backend\.venv\Lib\site-packages\django\core\management\__init__.py", line 394, in execute
    autoreload.check_errors(django.setup)()
  File "C:\Users\akshi\OneDrive\Desktop\web\backend\.venv\Lib\site-packages\django\utils\autoreload.py", line 64, in wrapper
    fn(*args, **kwargs)
  File "C:\Users\akshi\OneDrive\Desktop\web\backend\.venv\Lib\site-packages\django\__init__.py", line 24, in setup
    apps.populate(settings.INSTALLED_APPS)
  File "C:\Users\akshi\OneDrive\Desktop\web\backend\.venv\Lib\site-packages\django\apps\registry.py", line 91, in populate
    app_config = AppConfig.create(entry)
                 ^^^^^^^^^^^^^^^^^^^^^^^
  File "C:\Users\akshi\OneDrive\Desktop\web\backend\.venv\Lib\site-packages\django\apps\config.py", line 193, in create
    import_module(entry)
  File "C:\Program Files\WindowsApps\PythonSoftwareFoundation.Python.3.12_3.12.2800.0_x64__qbz5n2kfra8p0\Lib\importlib\__init__.py", line 90, in import_module
    return _bootstrap._gcd_import(name[level:], package, level)
           ^^^^^^^^^^^^^^^^^^^^^^^^^^^^^^^^^^^^^^^^^^^^^^^^^^^^
  File "<frozen importlib._bootstrap>", line 1387, in _gcd_import
  File "<frozen importlib._bootstrap>", line 1360, in _find_and_load
  File "<frozen importlib._bootstrap>", line 1324, in _find_and_load_unlocked
ModuleNotFoundError: No module named 'd'
C:\Users\akshi\OneDrive\Desktop\web\backend\backend\settings.py changed, reloading.
Watching for file changes with StatReloader
C:\Users\akshi\OneDrive\Desktop\web\backend\backend\settings.py changed, reloading.
Watching for file changes with StatReloader
Exception in thread django-main-thread:
Traceback (most recent call last):
  File "C:\Program Files\WindowsApps\PythonSoftwareFoundation.Python.3.12_3.12.2800.0_x64__qbz5n2kfra8p0\Lib\threading.py", line 1075, in _bootstrap_inner
    self.run()
  File "C:\Program Files\WindowsApps\PythonSoftwareFoundation.Python.3.12_3.12.2800.0_x64__qbz5n2kfra8p0\Lib\threading.py", line 1012, in run
    self._target(*self._args, **self._kwargs)
  File "C:\Users\akshi\OneDrive\Desktop\web\backend\.venv\Lib\site-packages\django\utils\autoreload.py", line 64, in wrapper
    fn(*args, **kwargs)
  File "C:\Users\akshi\OneDrive\Desktop\web\backend\.venv\Lib\site-packages\django\core\management\commands\runserver.py", line 124, in inner_run
    autoreload.raise_last_exception()
  File "C:\Users\akshi\OneDrive\Desktop\web\backend\.venv\Lib\site-packages\django\utils\autoreload.py", line 86, in raise_last_exception
    raise _exception[1]
  File "C:\Users\akshi\OneDrive\Desktop\web\backend\.venv\Lib\site-packages\django\core\management\__init__.py", line 394, in execute
    autoreload.check_errors(django.setup)()
  File "C:\Users\akshi\OneDrive\Desktop\web\backend\.venv\Lib\site-packages\django\utils\autoreload.py", line 64, in wrapper
    fn(*args, **kwargs)
  File "C:\Users\akshi\OneDrive\Desktop\web\backend\.venv\Lib\site-packages\django\__init__.py", line 24, in setup
    apps.populate(settings.INSTALLED_APPS)
  File "C:\Users\akshi\OneDrive\Desktop\web\backend\.venv\Lib\site-packages\django\apps\registry.py", line 91, in populate
    app_config = AppConfig.create(entry)
                 ^^^^^^^^^^^^^^^^^^^^^^^
  File "C:\Users\akshi\OneDrive\Desktop\web\backend\.venv\Lib\site-packages\django\apps\config.py", line 193, in create
    import_module(entry)
  File "C:\Program Files\WindowsApps\PythonSoftwareFoundation.Python.3.12_3.12.2800.0_x64__qbz5n2kfra8p0\Lib\importlib\__init__.py", line 90, in import_module
    return _bootstrap._gcd_import(name[level:], package, level)
           ^^^^^^^^^^^^^^^^^^^^^^^^^^^^^^^^^^^^^^^^^^^^^^^^^^^^
  File "<frozen importlib._bootstrap>", line 1387, in _gcd_import
  File "<frozen importlib._bootstrap>", line 1360, in _find_and_load
  File "<frozen importlib._bootstrap>", line 1310, in _find_and_load_unlocked
  File "<frozen importlib._bootstrap>", line 488, in _call_with_frames_removed
  File "<frozen importlib._bootstrap>", line 1387, in _gcd_import
  File "<frozen importlib._bootstrap>", line 1360, in _find_and_load
  File "<frozen importlib._bootstrap>", line 1310, in _find_and_load_unlocked
  File "<frozen importlib._bootstrap>", line 488, in _call_with_frames_removed
  File "<frozen importlib._bootstrap>", line 1387, in _gcd_import
  File "<frozen importlib._bootstrap>", line 1360, in _find_and_load
  File "<frozen importlib._bootstrap>", line 1324, in _find_and_load_unlocked
ModuleNotFoundError: No module named 'daphnedjango'
